Arguments: 
  C:\Program Files\nodejs\node.exe C:\Users\dahyu\AppData\Roaming\npm\node_modules\yarn\bin\yarn.js add 98.

PATH: 
  C:\Users\dahyu\bin;C:\Program Files\Git\mingw64\bin;C:\Program Files\Git\usr\local\bin;C:\Program Files\Git\usr\bin;C:\Program Files\Git\usr\bin;C:\Program Files\Git\mingw64\bin;C:\Program Files\Git\usr\bin;C:\Users\dahyu\bin;C:\Windows\system32;C:\Windows;C:\Windows\System32\Wbem;C:\Windows\System32\WindowsPowerShell\v1.0;C:\Windows\System32\OpenSSH;C:\Program Files\Git\cmd;C:\Program Files\nodejs;C:\Program Files\Amazon\AWSCLIV2;C:\Ruby31-x64\bin;C:\Users\dahyu\AppData\Local\Programs\Python\Python38\Scripts;C:\Users\dahyu\AppData\Local\Programs\Python\Python38;C:\Users\dahyu\AppData\Local\Microsoft\WindowsApps;C:\Program Files\JetBrains\PyCharm 2022.3.2\bin;C:\Users\dahyu\AppData\Local\GitHubDesktop\bin;C:\Users\dahyu\AppData\Local\Programs\Microsoft VS Code\bin;C:\Users\dahyu\AppData\Roaming\npm;C:\Program Files\Git\usr\bin\vendor_perl;C:\Program Files\Git\usr\bin\core_perl

Yarn version: 
  1.22.19

Node version: 
  18.14.2

Platform: 
  win32 x64

Trace: 
  Error: https://registry.yarnpkg.com/98.: Not found
      at params.callback [as _callback] (C:\Users\dahyu\AppData\Roaming\npm\node_modules\yarn\lib\cli.js:66145:18)
      at self.callback (C:\Users\dahyu\AppData\Roaming\npm\node_modules\yarn\lib\cli.js:140890:22)
      at Request.emit (node:events:513:28)
      at Request.<anonymous> (C:\Users\dahyu\AppData\Roaming\npm\node_modules\yarn\lib\cli.js:141862:10)
      at Request.emit (node:events:513:28)
      at IncomingMessage.<anonymous> (C:\Users\dahyu\AppData\Roaming\npm\node_modules\yarn\lib\cli.js:141784:12)
      at Object.onceWrapper (node:events:627:28)
      at IncomingMessage.emit (node:events:525:35)
      at endReadableNT (node:internal/streams/readable:1359:12)
      at process.processTicksAndRejections (node:internal/process/task_queues:82:21)

npm manifest: 
  {
    "name": "minimal-mistakes",
    "private": true,
    "version": "4.24.0",
    "description": "Minimal Mistakes 2 column Jekyll theme.",
    "repository": {
      "type": "git",
      "url": "git://github.com/mmistakes/minimal-mistakes.git"
    },
    "keywords": [
      "jekyll",
      "theme",
      "minimal"
    ],
    "author": "Michael Rose",
    "license": "MIT",
    "bugs": {
      "url": "https://github.com/mmistakes/minimal-mistakes/issues"
    },
    "homepage": "https://mmistakes.github.io/minimal-mistakes/",
    "engines": {
      "node": ">= 0.10.0"
    },
    "devDependencies": {
      "npm-run-all": "^4.1.5",
      "onchange": "^7.1.0",
      "uglify-js": "^3.13.6"
    },
    "scripts": {
      "uglify": "uglifyjs assets/js/vendor/jquery/jquery-3.6.0.js assets/js/plugins/jquery.fitvids.js assets/js/plugins/jquery.greedy-navigation.js assets/js/plugins/jquery.magnific-popup.js assets/js/plugins/jquery.ba-throttle-debounce.js assets/js/plugins/smooth-scroll.js assets/js/plugins/gumshoe.js assets/js/_main.js -c -m -o assets/js/main.min.js",
      "add-banner": "node banner.js",
      "watch:js": "onchange \"assets/js/**/*.js\" -e \"assets/js/main.min.js\" -- npm run build:js",
      "build:js": "npm run uglify && npm run add-banner"
    }
  }

yarn manifest: 
  No manifest

Lockfile: 
  No lockfile
